#
# A fatal error has been detected by the Java Runtime Environment:
#
#  EXCEPTION_ACCESS_VIOLATION (0xc0000005) at pc=0x00007ffa5d07c3f9, pid=19420, tid=0x0000000000006f4c
#
# JRE version: Java(TM) SE Runtime Environment (8.0_144-b01) (build 1.8.0_144-b01)
# Java VM: Java HotSpot(TM) 64-Bit Server VM (25.144-b01 mixed mode windows-amd64 compressed oops)
# Problematic frame:
# C  [msvcr120.dll+0x3c3f9]
#
# Failed to write core dump. Minidumps are not enabled by default on client versions of Windows
#
# If you would like to submit a bug report, please visit:
#   http://bugreport.java.com/bugreport/crash.jsp
# The crash happened outside the Java Virtual Machine in native code.
# See problematic frame for where to report the bug.
#

---------------  T H R E A D  ---------------

Current thread (0x000000001fb6d800):  JavaThread "JavaFX Application Thread" [_thread_in_native, id=28492, stack(0x0000000020600000,0x0000000020700000)]

siginfo: ExceptionCode=0xc0000005, reading address 0x0000019c00000001

Registers:
RAX=0x0000000024be9f60, RBX=0x0000000024be9f60, RCX=0x000000000000002d, RDX=0x0000019bdb416089
RSP=0x00000000206f9c88, RBP=0x0000019c00000001, RSI=0x0000019c00000001, RDI=0x0000000024be9f78
R8 =0x000000000000002d, R9 =0x0000000000000040, R10=0x0000019c00000001, R11=0x0000000024be9f78
R12=0x00000000206fc712, R13=0x00000000206fc9c0, R14=0x0000000000000007, R15=0x0000000000000000
RIP=0x00007ffa5d07c3f9, EFLAGS=0x0000000000010213

Top of Stack: (sp=0x00000000206f9c88)
0x00000000206f9c88:   00000000206f9d30 000000000000002d
0x00000000206f9c98:   00000000559c2c6d 0000000000e00000
0x00000000206f9ca8:   0000000000000001 0000000000000038
0x00000000206f9cb8:   0000000000000000 0000000000000001
0x00000000206f9cc8:   00000000559c5fde 00000000206f9d30
0x00000000206f9cd8:   0000000000000007 00000000387b4a80
0x00000000206f9ce8:   0000000000000000 00000000206f9d68
0x00000000206f9cf8:   00000000559cbdbf 00000000206fc9c0
0x00000000206f9d08:   00000000206fc712 0000000000000018
0x00000000206f9d18:   0000000000100004 00000000206f9d90
0x00000000206f9d28:   0000000054a923a2 0000000000000000
0x00000000206f9d38:   0000000000000018 00000000206fc9c0
0x00000000206f9d48:   00000000206f0000 00000000387b4ac0
0x00000000206f9d58:   0000000054af0616 0000000000000000
0x00000000206f9d68:   0000000000000000 00000000387b4fa0
0x00000000206f9d78:   0000000000100004 00000000206f9e10 

Instructions: (pc=0x00007ffa5d07c3f9)
0x00007ffa5d07c3d9:   03 c0 48 3b c8 0f 8c 96 03 00 00 0f ba 25 6c 53
0x00007ffa5d07c3e9:   0a 00 01 73 13 57 56 48 8b f9 49 8b f2 49 8b c8
0x00007ffa5d07c3f9:   f3 a4 5e 5f 49 8b c3 c3 0f ba 25 4f 53 0a 00 02
0x00007ffa5d07c409:   0f 82 56 02 00 00 f6 c1 07 74 36 f6 c1 01 74 0b 


Register to memory mapping:

RAX=0x0000000024be9f60 is an unknown value
RBX=0x0000000024be9f60 is an unknown value
RCX=0x000000000000002d is an unknown value
RDX=0x0000019bdb416089 is an unknown value
RSP=0x00000000206f9c88 is pointing into the stack for thread: 0x000000001fb6d800
RBP=0x0000019c00000001 is an unknown value
RSI=0x0000019c00000001 is an unknown value
RDI=0x0000000024be9f78 is an unknown value
R8 =0x000000000000002d is an unknown value
R9 =0x0000000000000040 is an unknown value
R10=0x0000019c00000001 is an unknown value
R11=0x0000000024be9f78 is an unknown value
R12=0x00000000206fc712 is pointing into the stack for thread: 0x000000001fb6d800
R13=0x00000000206fc9c0 is pointing into the stack for thread: 0x000000001fb6d800
R14=0x0000000000000007 is an unknown value
R15=0x0000000000000000 is an unknown value


Stack: [0x0000000020600000,0x0000000020700000],  sp=0x00000000206f9c88,  free space=999k
Native frames: (J=compiled Java code, j=interpreted, Vv=VM code, C=native code)
C  [msvcr120.dll+0x3c3f9]
C  0x00000000206f9d30

Java frames: (J=compiled Java code, j=interpreted, Vv=VM code)
j  com.sun.webkit.network.URLLoader.twkDidFinishLoading(J)V+0
j  com.sun.webkit.network.URLLoader.notifyDidFinishLoading()V+44
j  com.sun.webkit.network.URLLoader.lambda$didFinishLoading$103()V+8
j  com.sun.webkit.network.URLLoader$$Lambda$387.run()V+4
J 4406 C1 com.sun.javafx.application.PlatformImpl$$Lambda$50.run()Ljava/lang/Object; (8 bytes) @ 0x00000000037eeecc [0x00000000037eed80+0x14c]
v  ~StubRoutines::call_stub
J 1092  java.security.AccessController.doPrivileged(Ljava/security/PrivilegedAction;Ljava/security/AccessControlContext;)Ljava/lang/Object; (0 bytes) @ 0x0000000002f19f66 [0x0000000002f19f00+0x66]
J 4376 C1 com.sun.javafx.application.PlatformImpl.lambda$runLater$174(Ljava/lang/Runnable;Ljava/security/AccessControlContext;)V (38 bytes) @ 0x00000000037db85c [0x00000000037db440+0x41c]
J 4375 C1 com.sun.javafx.application.PlatformImpl$$Lambda$49.run()V (12 bytes) @ 0x00000000037dc28c [0x00000000037dc200+0x8c]
J 2162 C1 com.sun.glass.ui.InvokeLaterDispatcher$Future.run()V (91 bytes) @ 0x00000000031bf9d4 [0x00000000031bf8c0+0x114]
v  ~StubRoutines::call_stub
j  com.sun.glass.ui.win.WinApplication._runLoop(Ljava/lang/Runnable;)V+0
j  com.sun.glass.ui.win.WinApplication.lambda$null$148(ILjava/lang/Runnable;)V+8
j  com.sun.glass.ui.win.WinApplication$$Lambda$38.run()V+12
j  java.lang.Thread.run()V+11
v  ~StubRoutines::call_stub

---------------  P R O C E S S  ---------------

Java Threads: ( => current thread )
  0x000000002c89b000 JavaThread "Keep-Alive-Timer" daemon [_thread_blocked, id=5028, stack(0x0000000039790000,0x0000000039890000)]
  0x000000002c897000 JavaThread "URL-Loader-20" daemon [_thread_in_native, id=9652, stack(0x0000000039690000,0x0000000039790000)]
  0x000000002c895800 JavaThread "URL-Loader-19" daemon [_thread_blocked, id=18304, stack(0x0000000039590000,0x0000000039690000)]
  0x000000002c896800 JavaThread "URL-Loader-18" daemon [_thread_in_native, id=4700, stack(0x0000000039490000,0x0000000039590000)]
  0x000000002c89a000 JavaThread "URL-Loader-17" daemon [_thread_in_native, id=23156, stack(0x0000000033100000,0x0000000033200000)]
  0x000000002c88c800 JavaThread "URL-Loader-16" daemon [_thread_in_native, id=11052, stack(0x0000000030b70000,0x0000000030c70000)]
  0x000000002c892000 JavaThread "URL-Loader-15" daemon [_thread_in_native, id=13812, stack(0x0000000030a70000,0x0000000030b70000)]
  0x000000002c88f800 JavaThread "URL-Loader-14" daemon [_thread_blocked, id=28292, stack(0x000000002d3f0000,0x000000002d4f0000)]
  0x000000002c88f000 JavaThread "URL-Loader-13" daemon [_thread_in_native, id=23936, stack(0x000000002cf80000,0x000000002d080000)]
  0x000000002c893800 JavaThread "URL-Loader-12" daemon [_thread_in_native, id=13864, stack(0x000000002ce80000,0x000000002cf80000)]
  0x000000002c88d800 JavaThread "URL-Loader-11" daemon [_thread_in_native, id=8356, stack(0x000000002cd80000,0x000000002ce80000)]
  0x000000002c88e000 JavaThread "URL-Loader-10" daemon [_thread_blocked, id=25376, stack(0x0000000029a20000,0x0000000029b20000)]
  0x000000002c88c000 JavaThread "URL-Loader-9" daemon [_thread_blocked, id=26968, stack(0x0000000033000000,0x0000000033100000)]
  0x000000002c890800 JavaThread "URL-Loader-8" daemon [_thread_in_native, id=10984, stack(0x0000000039390000,0x0000000039490000)]
  0x000000002c891000 JavaThread "URL-Loader-7" daemon [_thread_in_native, id=20340, stack(0x0000000039290000,0x0000000039390000)]
  0x000000002c892800 JavaThread "URL-Loader-6" daemon [_thread_blocked, id=28620, stack(0x0000000039190000,0x0000000039290000)]
  0x0000000020041000 JavaThread "URL-Loader-5" daemon [_thread_in_native, id=21156, stack(0x0000000039090000,0x0000000039190000)]
  0x0000000020046000 JavaThread "URL-Loader-4" daemon [_thread_in_native, id=27896, stack(0x00000000333c0000,0x00000000334c0000)]
  0x0000000020047800 JavaThread "URL-Loader-3" daemon [_thread_in_native, id=24272, stack(0x00000000332c0000,0x00000000333c0000)]
  0x0000000020040800 JavaThread "URL-Loader-2" daemon [_thread_in_native, id=27680, stack(0x0000000034060000,0x0000000034160000)]
  0x0000000020045000 JavaThread "URL-Loader-1" daemon [_thread_blocked, id=2692, stack(0x0000000030f00000,0x0000000031000000)]
  0x0000000020044000 JavaThread "Disposer" daemon [_thread_blocked, id=21836, stack(0x000000002d2f0000,0x000000002d3f0000)]
  0x0000000020042800 JavaThread "mysql-cj-abandoned-connection-cleanup" daemon [_thread_blocked, id=23176, stack(0x0000000029920000,0x0000000029a20000)]
  0x0000000020043800 JavaThread "Abandoned connection cleanup thread" daemon [_thread_blocked, id=26736, stack(0x0000000029030000,0x0000000029130000)]
  0x000000001ffcc000 JavaThread "AWT-Windows" daemon [_thread_in_native, id=11184, stack(0x0000000029130000,0x0000000029230000)]
  0x000000001ffc2800 JavaThread "Java2D Disposer" daemon [_thread_blocked, id=2936, stack(0x0000000028f30000,0x0000000029030000)]
  0x000000001fe2e000 JavaThread "Prism Font Disposer" daemon [_thread_blocked, id=9596, stack(0x0000000027b00000,0x0000000027c00000)]
  0x000000001fc31800 JavaThread "Thread-3" daemon [_thread_in_native, id=26500, stack(0x00000000252d0000,0x00000000253d0000)]
  0x000000001fc24000 JavaThread "JavaFX-Launcher" [_thread_blocked, id=24044, stack(0x00000000253d0000,0x00000000254d0000)]
=>0x000000001fb6d800 JavaThread "JavaFX Application Thread" [_thread_in_native, id=28492, stack(0x0000000020600000,0x0000000020700000)]
  0x000000001fb6a800 JavaThread "Thread-1" daemon [_thread_blocked, id=23948, stack(0x0000000020500000,0x0000000020600000)]
  0x000000001fb50800 JavaThread "QuantumRenderer-0" daemon [_thread_blocked, id=15724, stack(0x0000000020240000,0x0000000020340000)]
  0x000000001de51000 JavaThread "Service Thread" daemon [_thread_blocked, id=14252, stack(0x000000001f840000,0x000000001f940000)]
  0x000000001ddce000 JavaThread "C1 CompilerThread3" daemon [_thread_blocked, id=7408, stack(0x000000001f740000,0x000000001f840000)]
  0x000000001ddca000 JavaThread "C2 CompilerThread2" daemon [_thread_blocked, id=21364, stack(0x000000001f640000,0x000000001f740000)]
  0x000000001ddc5000 JavaThread "C2 CompilerThread1" daemon [_thread_blocked, id=28604, stack(0x000000001f540000,0x000000001f640000)]
  0x000000001ddbf800 JavaThread "C2 CompilerThread0" daemon [_thread_blocked, id=27984, stack(0x000000001f440000,0x000000001f540000)]
  0x000000001ddbb800 JavaThread "Attach Listener" daemon [_thread_blocked, id=26700, stack(0x000000001f340000,0x000000001f440000)]
  0x000000001ddba800 JavaThread "Signal Dispatcher" daemon [_thread_blocked, id=26280, stack(0x000000001f240000,0x000000001f340000)]
  0x0000000002b3a000 JavaThread "Finalizer" daemon [_thread_blocked, id=27852, stack(0x000000001f010000,0x000000001f110000)]
  0x000000001c6ed000 JavaThread "Reference Handler" daemon [_thread_blocked, id=1564, stack(0x000000001ef10000,0x000000001f010000)]
  0x0000000002a43000 JavaThread "main" [_thread_blocked, id=27592, stack(0x00000000028b0000,0x00000000029b0000)]

Other Threads:
  0x000000001c6e5800 VMThread [stack: 0x000000001ee10000,0x000000001ef10000] [id=27416]
  0x000000001de75000 WatcherThread [stack: 0x000000001f940000,0x000000001fa40000] [id=25068]

VM state:not at safepoint (normal execution)

VM Mutex/Monitor currently owned by a thread: None

Heap:
 PSYoungGen      total 75776K, used 24568K [0x000000076b780000, 0x0000000770c00000, 0x00000007c0000000)
  eden space 65024K, 27% used [0x000000076b780000,0x000000076c8d7f18,0x000000076f700000)
  from space 10752K, 63% used [0x0000000770180000,0x0000000770826400,0x0000000770c00000)
  to   space 10752K, 0% used [0x000000076f700000,0x000000076f700000,0x0000000770180000)
 ParOldGen       total 77312K, used 10278K [0x00000006c2600000, 0x00000006c7180000, 0x000000076b780000)
  object space 77312K, 13% used [0x00000006c2600000,0x00000006c30098a0,0x00000006c7180000)
 Metaspace       used 29459K, capacity 31016K, committed 31104K, reserved 1077248K
  class space    used 3865K, capacity 4165K, committed 4224K, reserved 1048576K

Card table byte_map: [0x0000000011f00000,0x00000000126f0000] byte_map_base: 0x000000000e8ed000

Marking Bits: (ParMarkBitMap*) 0x0000000057a8d850
 Begin Bits: [0x0000000013640000, 0x00000000175a8000)
 End Bits:   [0x00000000175a8000, 0x000000001b510000)

Polling page: 0x00000000007f0000

CodeCache: size=245760Kb used=12749Kb max_used=13042Kb free=233010Kb
 bounds [0x0000000002b40000, 0x0000000003820000, 0x0000000011b40000]
 total_blobs=5019 nmethods=4146 adapters=784
 compilation: enabled

Compilation events (10 events):
Event: 42.478 Thread 0x000000001ddce000 4769       3       java.util.concurrent.locks.AbstractQueuedSynchronizer::<init> (5 bytes)
Event: 42.478 Thread 0x000000001ddce000 nmethod 4769 0x0000000002da0110 code [0x0000000002da0280, 0x0000000002da0490]
Event: 42.478 Thread 0x000000001ddce000 4770       3       java.util.concurrent.locks.AbstractOwnableSynchronizer::<init> (5 bytes)
Event: 42.478 Thread 0x000000001ddce000 nmethod 4770 0x0000000002ca0690 code [0x0000000002ca07e0, 0x0000000002ca0990]
Event: 42.497 Thread 0x000000001ddce000 4772       3       java.security.Permission::<init> (10 bytes)
Event: 42.497 Thread 0x000000001ddce000 nmethod 4772 0x0000000002ee7c90 code [0x0000000002ee7de0, 0x0000000002ee7fb0]
Event: 42.497 Thread 0x000000001ddce000 4773       1       com.sun.crypto.provider.GaloisCounterMode::getTagLen (5 bytes)
Event: 42.497 Thread 0x000000001ddce000 nmethod 4773 0x0000000003023d90 code [0x0000000003023ee0, 0x0000000003023ff0]
Event: 42.497 Thread 0x000000001ddce000 4774       1       javax.crypto.spec.SecretKeySpec::getAlgorithm (5 bytes)
Event: 42.497 Thread 0x000000001ddce000 nmethod 4774 0x0000000003675410 code [0x0000000003675560, 0x0000000003675670]

GC Heap History (6 events):
Event: 8.355 GC heap before
{Heap before GC invocations=1 (full 0):
 PSYoungGen      total 75776K, used 57676K [0x000000076b780000, 0x0000000770c00000, 0x00000007c0000000)
  eden space 65024K, 88% used [0x000000076b780000,0x000000076efd3390,0x000000076f700000)
  from space 10752K, 0% used [0x0000000770180000,0x0000000770180000,0x0000000770c00000)
  to   space 10752K, 0% used [0x000000076f700000,0x000000076f700000,0x0000000770180000)
 ParOldGen       total 173568K, used 0K [0x00000006c2600000, 0x00000006ccf80000, 0x000000076b780000)
  object space 173568K, 0% used [0x00000006c2600000,0x00000006c2600000,0x00000006ccf80000)
 Metaspace       used 20482K, capacity 21238K, committed 21296K, reserved 1067008K
  class space    used 2711K, capacity 2928K, committed 2944K, reserved 1048576K
Event: 8.362 GC heap after
Heap after GC invocations=1 (full 0):
 PSYoungGen      total 75776K, used 10741K [0x000000076b780000, 0x0000000770c00000, 0x00000007c0000000)
  eden space 65024K, 0% used [0x000000076b780000,0x000000076b780000,0x000000076f700000)
  from space 10752K, 99% used [0x000000076f700000,0x000000077017d530,0x0000000770180000)
  to   space 10752K, 0% used [0x0000000770180000,0x0000000770180000,0x0000000770c00000)
 ParOldGen       total 173568K, used 1720K [0x00000006c2600000, 0x00000006ccf80000, 0x000000076b780000)
  object space 173568K, 0% used [0x00000006c2600000,0x00000006c27ae300,0x00000006ccf80000)
 Metaspace       used 20482K, capacity 21238K, committed 21296K, reserved 1067008K
  class space    used 2711K, capacity 2928K, committed 2944K, reserved 1048576K
}
Event: 8.362 GC heap before
{Heap before GC invocations=2 (full 1):
 PSYoungGen      total 75776K, used 10741K [0x000000076b780000, 0x0000000770c00000, 0x00000007c0000000)
  eden space 65024K, 0% used [0x000000076b780000,0x000000076b780000,0x000000076f700000)
  from space 10752K, 99% used [0x000000076f700000,0x000000077017d530,0x0000000770180000)
  to   space 10752K, 0% used [0x0000000770180000,0x0000000770180000,0x0000000770c00000)
 ParOldGen       total 173568K, used 1720K [0x00000006c2600000, 0x00000006ccf80000, 0x000000076b780000)
  object space 173568K, 0% used [0x00000006c2600000,0x00000006c27ae300,0x00000006ccf80000)
 Metaspace       used 20482K, capacity 21238K, committed 21296K, reserved 1067008K
  class space    used 2711K, capacity 2928K, committed 2944K, reserved 1048576K
Event: 8.384 GC heap after
Heap after GC invocations=2 (full 1):
 PSYoungGen      total 75776K, used 0K [0x000000076b780000, 0x0000000770c00000, 0x00000007c0000000)
  eden space 65024K, 0% used [0x000000076b780000,0x000000076b780000,0x000000076f700000)
  from space 10752K, 0% used [0x000000076f700000,0x000000076f700000,0x0000000770180000)
  to   space 10752K, 0% used [0x0000000770180000,0x0000000770180000,0x0000000770c00000)
 ParOldGen       total 77312K, used 10262K [0x00000006c2600000, 0x00000006c7180000, 0x000000076b780000)
  object space 77312K, 13% used [0x00000006c2600000,0x00000006c30058a0,0x00000006c7180000)
 Metaspace       used 20482K, capacity 21238K, committed 21296K, reserved 1067008K
  class space    used 2711K, capacity 2928K, committed 2944K, reserved 1048576K
}
Event: 41.182 GC heap before
{Heap before GC invocations=3 (full 1):
 PSYoungGen      total 75776K, used 65024K [0x000000076b780000, 0x0000000770c00000, 0x00000007c0000000)
  eden space 65024K, 100% used [0x000000076b780000,0x000000076f700000,0x000000076f700000)
  from space 10752K, 0% used [0x000000076f700000,0x000000076f700000,0x0000000770180000)
  to   space 10752K, 0% used [0x0000000770180000,0x0000000770180000,0x0000000770c00000)
 ParOldGen       total 77312K, used 10262K [0x00000006c2600000, 0x00000006c7180000, 0x000000076b780000)
  object space 77312K, 13% used [0x00000006c2600000,0x00000006c30058a0,0x00000006c7180000)
 Metaspace       used 29275K, capacity 30678K, committed 30848K, reserved 1075200K
  class space    used 3850K, capacity 4124K, committed 4224K, reserved 1048576K
Event: 41.189 GC heap after
Heap after GC invocations=3 (full 1):
 PSYoungGen      total 75776K, used 6809K [0x000000076b780000, 0x0000000770c00000, 0x00000007c0000000)
  eden space 65024K, 0% used [0x000000076b780000,0x000000076b780000,0x000000076f700000)
  from space 10752K, 63% used [0x0000000770180000,0x0000000770826400,0x0000000770c00000)
  to   space 10752K, 0% used [0x000000076f700000,0x000000076f700000,0x0000000770180000)
 ParOldGen       total 77312K, used 10278K [0x00000006c2600000, 0x00000006c7180000, 0x000000076b780000)
  object space 77312K, 13% used [0x00000006c2600000,0x00000006c30098a0,0x00000006c7180000)
 Metaspace       used 29275K, capacity 30678K, committed 30848K, reserved 1075200K
  class space    used 3850K, capacity 4124K, committed 4224K, reserved 1048576K
}

Deoptimization events (10 events):
Event: 41.049 Thread 0x0000000020045000 Uncommon trap: reason=unstable_if action=reinterpret pc=0x0000000003732824 method=java.lang.CharacterDataLatin1.digit(II)I @ 60
Event: 41.092 Thread 0x000000001fb50800 Uncommon trap: reason=unstable_if action=reinterpret pc=0x00000000036c172c method=com.sun.javafx.font.directwrite.DWFontStrike.getQuantizedPosition(Lcom/sun/javafx/geom/Point2D;)I @ 23
Event: 41.106 Thread 0x000000001fb50800 Uncommon trap: reason=unstable_if action=reinterpret pc=0x00000000036d1380 method=com.sun.prism.impl.GlyphCache.addDataToQuad(Lcom/sun/prism/impl/GlyphCache$GlyphData;Lcom/sun/prism/impl/VertexBuffer;Lcom/sun/prism/Texture;FFFF)V @ 149
Event: 41.106 Thread 0x000000001fb50800 Uncommon trap: reason=unstable_if action=reinterpret pc=0x00000000036be360 method=com.sun.javafx.font.directwrite.DWFontStrike.getQuantizedPosition(Lcom/sun/javafx/geom/Point2D;)I @ 23
Event: 41.106 Thread 0x000000001fb50800 Uncommon trap: reason=class_check action=maybe_recompile pc=0x000000000369dd94 method=com.sun.javafx.font.CompositeStrike.getStrikeSlot(I)Lcom/sun/javafx/font/FontStrike; @ 61
Event: 41.161 Thread 0x000000001fb6d800 Uncommon trap: reason=unstable_if action=reinterpret pc=0x0000000002def528 method=java.lang.String.substring(II)Ljava/lang/String; @ 19
Event: 41.510 Thread 0x000000002c895800 Uncommon trap: reason=predicate action=maybe_recompile pc=0x000000000309c2a4 method=java.util.regex.Pattern$SliceI.match(Ljava/util/regex/Matcher;ILjava/lang/CharSequence;)Z @ 21
Event: 41.975 Thread 0x0000000020040800 Uncommon trap: reason=unstable_if action=reinterpret pc=0x00000000037a8270 method=java.lang.String.indexOf([CII[CIII)I @ 27
Event: 42.043 Thread 0x000000002c891000 Uncommon trap: reason=unstable_if action=reinterpret pc=0x00000000036ed5c0 method=java.lang.String.indexOf([CII[CIII)I @ 27
Event: 42.110 Thread 0x000000002c892000 Uncommon trap: reason=unstable_if action=reinterpret pc=0x0000000002e634ec method=java.lang.String.indexOf([CII[CIII)I @ 27

Internal exceptions (10 events):
Event: 9.573 Thread 0x000000001fb6d800 Exception <a 'java/lang/ArrayIndexOutOfBoundsException': 66> (0x000000076bae85f8) thrown at [C:\re\workspace\8-2-build-windows-amd64-cygwin\jdk8u144\9417\hotspot\src\share\vm\interpreter\interpreterRuntime.cpp, line 366]
Event: 34.282 Thread 0x000000001fb6d800 Exception <a 'sun/nio/fs/WindowsException'> (0x000000076dba5b90) thrown at [C:\re\workspace\8-2-build-windows-amd64-cygwin\jdk8u144\9417\hotspot\src\share\vm\prims\jni.cpp, line 709]
Event: 34.283 Thread 0x000000001fb6d800 Exception <a 'sun/nio/fs/WindowsException'> (0x000000076dba6d48) thrown at [C:\re\workspace\8-2-build-windows-amd64-cygwin\jdk8u144\9417\hotspot\src\share\vm\prims\jni.cpp, line 709]
Event: 34.283 Thread 0x000000001fb6d800 Exception <a 'sun/nio/fs/WindowsException'> (0x000000076dba77e8) thrown at [C:\re\workspace\8-2-build-windows-amd64-cygwin\jdk8u144\9417\hotspot\src\share\vm\prims\jni.cpp, line 709]
Event: 34.283 Thread 0x000000001fb6d800 Exception <a 'sun/nio/fs/WindowsException'> (0x000000076dba8a98) thrown at [C:\re\workspace\8-2-build-windows-amd64-cygwin\jdk8u144\9417\hotspot\src\share\vm\prims\jni.cpp, line 709]
Event: 34.292 Thread 0x0000000020045000 Implicit null exception at 0x00000000033076e8 to 0x00000000033077a1
Event: 41.068 Thread 0x000000001fb6d800 Exception <a 'java/io/FileNotFoundException'> (0x000000076f011220) thrown at [C:\re\workspace\8-2-build-windows-amd64-cygwin\jdk8u144\9417\hotspot\src\share\vm\prims\jni.cpp, line 709]
Event: 41.068 Thread 0x000000001fb6d800 Exception <a 'java/io/FileNotFoundException'> (0x000000076f012288) thrown at [C:\re\workspace\8-2-build-windows-amd64-cygwin\jdk8u144\9417\hotspot\src\share\vm\prims\jni.cpp, line 709]
Event: 41.068 Thread 0x000000001fb6d800 Exception <a 'java/io/FileNotFoundException'> (0x000000076f017bd8) thrown at [C:\re\workspace\8-2-build-windows-amd64-cygwin\jdk8u144\9417\hotspot\src\share\vm\prims\jni.cpp, line 709]
Event: 41.068 Thread 0x000000001fb6d800 Exception <a 'java/io/FileNotFoundException'> (0x000000076f018c20) thrown at [C:\re\workspace\8-2-build-windows-amd64-cygwin\jdk8u144\9417\hotspot\src\share\vm\prims\jni.cpp, line 709]

Events (10 events):
Event: 42.434 Thread 0x000000002c899800 Thread added: 0x000000002c899800
Event: 42.435 Executing VM operation: RevokeBias
Event: 42.435 Executing VM operation: RevokeBias done
Event: 42.435 Thread 0x000000002c899800 Thread exited: 0x000000002c899800
Event: 42.476 Thread 0x000000002c894000 Thread added: 0x000000002c894000
Event: 42.476 Executing VM operation: RevokeBias
Event: 42.477 Executing VM operation: RevokeBias done
Event: 42.477 Thread 0x000000002c894000 Thread exited: 0x000000002c894000
Event: 42.477 Executing VM operation: RevokeBias
Event: 42.477 Executing VM operation: RevokeBias done


Dynamic libraries:
0x00007ff7d6ce0000 - 0x00007ff7d6d17000 	C:\Program Files\Java\jdk1.8.0_144\bin\java.exe
0x00007ffad4730000 - 0x00007ffad4925000 	C:\WINDOWS\SYSTEM32\ntdll.dll
0x00007ffad3bf0000 - 0x00007ffad3cae000 	C:\WINDOWS\System32\KERNEL32.DLL
0x00007ffad2050000 - 0x00007ffad2318000 	C:\WINDOWS\System32\KERNELBASE.dll
0x00007ffad3b40000 - 0x00007ffad3bee000 	C:\WINDOWS\System32\ADVAPI32.dll
0x00007ffad3580000 - 0x00007ffad361e000 	C:\WINDOWS\System32\msvcrt.dll
0x00007ffad3620000 - 0x00007ffad36bc000 	C:\WINDOWS\System32\sechost.dll
0x00007ffad2bb0000 - 0x00007ffad2cd5000 	C:\WINDOWS\System32\RPCRT4.dll
0x00007ffad31c0000 - 0x00007ffad3360000 	C:\WINDOWS\System32\USER32.dll
0x00007ffad23d0000 - 0x00007ffad23f2000 	C:\WINDOWS\System32\win32u.dll
0x00007ffad4640000 - 0x00007ffad466b000 	C:\WINDOWS\System32\GDI32.dll
0x00007ffad1e40000 - 0x00007ffad1f4d000 	C:\WINDOWS\System32\gdi32full.dll
0x00007ffad2490000 - 0x00007ffad252d000 	C:\WINDOWS\System32\msvcp_win.dll
0x00007ffad1f50000 - 0x00007ffad2050000 	C:\WINDOWS\System32\ucrtbase.dll
0x00007ffabd390000 - 0x00007ffabd62a000 	C:\WINDOWS\WinSxS\amd64_microsoft.windows.common-controls_6595b64144ccf1df_6.0.19041.1110_none_60b5254171f9507e\COMCTL32.dll
0x00007ffad3360000 - 0x00007ffad3390000 	C:\WINDOWS\System32\IMM32.DLL
0x0000000058150000 - 0x0000000058222000 	C:\Program Files\Java\jdk1.8.0_144\jre\bin\msvcr100.dll
0x0000000057270000 - 0x0000000057b0d000 	C:\Program Files\Java\jdk1.8.0_144\jre\bin\server\jvm.dll
0x00007ffad2ce0000 - 0x00007ffad2ce8000 	C:\WINDOWS\System32\PSAPI.DLL
0x00007ffaa3b40000 - 0x00007ffaa3b49000 	C:\WINDOWS\SYSTEM32\WSOCK32.dll
0x00007ffabb250000 - 0x00007ffabb277000 	C:\WINDOWS\SYSTEM32\WINMM.dll
0x00007ffac9560000 - 0x00007ffac956a000 	C:\WINDOWS\SYSTEM32\VERSION.dll
0x00007ffad3da0000 - 0x00007ffad3e0b000 	C:\WINDOWS\System32\WS2_32.dll
0x0000000058100000 - 0x000000005810f000 	C:\Program Files\Java\jdk1.8.0_144\jre\bin\verify.dll
0x00000000580d0000 - 0x00000000580f9000 	C:\Program Files\Java\jdk1.8.0_144\jre\bin\java.dll
0x00000000580b0000 - 0x00000000580c6000 	C:\Program Files\Java\jdk1.8.0_144\jre\bin\zip.dll
0x00007ffad3e10000 - 0x00007ffad4554000 	C:\WINDOWS\System32\SHELL32.dll
0x00007ffacfe20000 - 0x00007ffad05b4000 	C:\WINDOWS\SYSTEM32\windows.storage.dll
0x00007ffad2850000 - 0x00007ffad2ba5000 	C:\WINDOWS\System32\combase.dll
0x00007ffad1890000 - 0x00007ffad18be000 	C:\WINDOWS\SYSTEM32\Wldp.dll
0x00007ffad2da0000 - 0x00007ffad2e4d000 	C:\WINDOWS\System32\SHCORE.dll
0x00007ffad3140000 - 0x00007ffad3195000 	C:\WINDOWS\System32\shlwapi.dll
0x00007ffad1d80000 - 0x00007ffad1d9f000 	C:\WINDOWS\SYSTEM32\profapi.dll
0x00007ffa5d040000 - 0x00007ffa5d12f000 	C:\Program Files\Java\jdk1.8.0_144\jre\bin\msvcr120.dll
0x00007ffa67330000 - 0x00007ffa673d6000 	C:\Program Files\Java\jdk1.8.0_144\jre\bin\msvcp120.dll
0x0000000057130000 - 0x0000000057152000 	C:\Program Files\Java\jdk1.8.0_144\jre\bin\prism_d3d.dll
0x00007ffabb800000 - 0x00007ffabb9d0000 	C:\WINDOWS\system32\d3d9.dll
0x00007ffad06c0000 - 0x00007ffad06d2000 	C:\WINDOWS\SYSTEM32\kernel.appcore.dll
0x00007ffacf6a0000 - 0x00007ffacf6cf000 	C:\WINDOWS\SYSTEM32\dwmapi.dll
0x00007ffacf490000 - 0x00007ffacf52e000 	C:\WINDOWS\system32\uxtheme.dll
0x00007ffa6d950000 - 0x00007ffa6dab3000 	C:\WINDOWS\System32\DriverStore\FileRepository\iigd_dch.inf_amd64_d60a3faa7932ec00\igdumdim64.dll
0x00007ffa69f00000 - 0x00007ffa6d942000 	C:\WINDOWS\System32\DriverStore\FileRepository\iigd_dch.inf_amd64_d60a3faa7932ec00\igd9dxva64.dll
0x00007ffad2e60000 - 0x00007ffad2f8a000 	C:\WINDOWS\System32\ole32.dll
0x00007ffad2780000 - 0x00007ffad284d000 	C:\WINDOWS\System32\OLEAUT32.dll
0x00007ffad36c0000 - 0x00007ffad3b32000 	C:\WINDOWS\System32\SETUPAPI.dll
0x00007ffad2690000 - 0x00007ffad26de000 	C:\WINDOWS\System32\cfgmgr32.dll
0x00007ffad2750000 - 0x00007ffad2777000 	C:\WINDOWS\System32\bcrypt.dll
0x00007ffac28a0000 - 0x00007ffac2adf000 	C:\WINDOWS\System32\DriverStore\FileRepository\iigd_dch.inf_amd64_d60a3faa7932ec00\igdgmm64.dll
0x00000000570e0000 - 0x0000000057123000 	C:\Program Files\Java\jdk1.8.0_144\jre\bin\glass.dll
0x00007ffad4560000 - 0x00007ffad463a000 	C:\WINDOWS\System32\COMDLG32.dll
0x00007ffad33f0000 - 0x00007ffad3506000 	C:\WINDOWS\System32\MSCTF.dll
0x00007ffad2400000 - 0x00007ffad2482000 	C:\WINDOWS\System32\bcryptPrimitives.dll
0x00007ffaa73d0000 - 0x00007ffaa73f7000 	C:\WINDOWS\System32\DriverStore\FileRepository\iigd_dch.inf_amd64_d60a3faa7932ec00\igdinfo64.dll
0x00007ffabfcd0000 - 0x00007ffac2899000 	C:\WINDOWS\System32\DriverStore\FileRepository\iigd_dch.inf_amd64_d60a3faa7932ec00\igc64.dll
0x00007ffac6ae0000 - 0x00007ffac6b1b000 	C:\WINDOWS\SYSTEM32\dxcore.dll
0x00000000570c0000 - 0x00000000570d4000 	C:\Program Files\Java\jdk1.8.0_144\jre\bin\javafx_font.dll
0x00007ffaa5a00000 - 0x00007ffaa5c83000 	C:\WINDOWS\SYSTEM32\dwrite.dll
0x00007ffad2cf0000 - 0x00007ffad2d99000 	C:\WINDOWS\System32\clbcatq.dll
0x00007ffacad00000 - 0x00007ffacaeb4000 	C:\WINDOWS\SYSTEM32\WindowsCodecs.dll
0x00007ffa918b0000 - 0x00007ffa918ee000 	C:\WINDOWS\system32\dataexchange.dll
0x00007fface6e0000 - 0x00007fface8c5000 	C:\WINDOWS\system32\dcomp.dll
0x00007ffacdeb0000 - 0x00007fface114000 	C:\WINDOWS\system32\d3d11.dll
0x00007ffad0730000 - 0x00007ffad0824000 	C:\WINDOWS\system32\dxgi.dll
0x00007ffacb200000 - 0x00007ffacb401000 	C:\WINDOWS\system32\twinapi.appcore.dll
0x00007ffa64920000 - 0x00007ffa64954000 	C:\Program Files\Common Files\Microsoft Shared\Ink\rtscom.dll
0x00007ffaad350000 - 0x00007ffaad449000 	C:\WINDOWS\SYSTEM32\textinputframework.dll
0x00007ffacec50000 - 0x00007ffacefae000 	C:\WINDOWS\System32\CoreUIComponents.dll
0x00007ffacefb0000 - 0x00007ffacf0a2000 	C:\WINDOWS\System32\CoreMessaging.dll
0x00007ffad0b30000 - 0x00007ffad0b63000 	C:\WINDOWS\SYSTEM32\ntmarta.dll
0x00007ffacd8f0000 - 0x00007ffacda44000 	C:\WINDOWS\SYSTEM32\wintypes.dll
0x00000000570a0000 - 0x00000000570b1000 	C:\Program Files\Java\jdk1.8.0_144\jre\bin\prism_common.dll
0x0000000057ed0000 - 0x0000000058068000 	C:\Program Files\Java\jdk1.8.0_144\jre\bin\awt.dll
0x00007ffacf2d0000 - 0x00007ffacf360000 	C:\WINDOWS\SYSTEM32\apphelp.dll
0x0000000058090000 - 0x00000000580aa000 	C:\Program Files\Java\jdk1.8.0_144\jre\bin\net.dll
0x00007ffad15f0000 - 0x00007ffad165a000 	C:\WINDOWS\system32\mswsock.dll
0x00000000548d0000 - 0x0000000057084000 	C:\Program Files\Java\jdk1.8.0_144\jre\bin\jfxwebkit.dll
0x00007ffad17e0000 - 0x00007ffad17f8000 	C:\WINDOWS\SYSTEM32\CRYPTSP.dll
0x00007ffad0f00000 - 0x00007ffad0f34000 	C:\WINDOWS\system32\rsaenh.dll
0x00007ffad1800000 - 0x00007ffad180c000 	C:\WINDOWS\SYSTEM32\CRYPTBASE.dll
0x0000000058070000 - 0x0000000058081000 	C:\Program Files\Java\jdk1.8.0_144\jre\bin\nio.dll
0x0000000057170000 - 0x0000000057194000 	C:\Program Files\Java\jdk1.8.0_144\jre\bin\sunec.dll
0x00007ffad1290000 - 0x00007ffad12cb000 	C:\WINDOWS\SYSTEM32\IPHLPAPI.DLL
0x00007ffad3510000 - 0x00007ffad3518000 	C:\WINDOWS\System32\NSI.dll
0x00007ffac94b0000 - 0x00007ffac94c7000 	C:\WINDOWS\SYSTEM32\dhcpcsvc6.DLL
0x00007ffac93a0000 - 0x00007ffac93bd000 	C:\WINDOWS\SYSTEM32\dhcpcsvc.DLL
0x00007ffad12d0000 - 0x00007ffad139b000 	C:\WINDOWS\SYSTEM32\DNSAPI.dll
0x00007ffad1d00000 - 0x00007ffad1d2e000 	C:\WINDOWS\SYSTEM32\USERENV.dll
0x0000000057160000 - 0x000000005716b000 	C:\Program Files\Java\jdk1.8.0_144\jre\bin\sunmscapi.dll
0x00007ffad2530000 - 0x00007ffad2686000 	C:\WINDOWS\System32\CRYPT32.dll
0x00007ffac9530000 - 0x00007ffac953a000 	C:\Windows\System32\rasadhlp.dll
0x00007ffabef10000 - 0x00007ffabef8f000 	C:\WINDOWS\System32\fwpuclnt.dll
0x00007fface120000 - 0x00007fface6e0000 	C:\WINDOWS\SYSTEM32\d2d1.dll
0x00007ffac7d90000 - 0x00007ffac8486000 	C:\WINDOWS\SYSTEM32\D3D10Warp.dll
0x00007ffacfc30000 - 0x00007ffacfe14000 	C:\WINDOWS\SYSTEM32\dbghelp.dll

VM Arguments:
jvm_args: -Dfile.encoding=UTF-8 
java_command: gui.newMainFX
java_class_path (initial): C:\Program Files\NetBeans 8.2\ide\modules\ext\mysql-connector-java-5.1.23-bin.jar;C:\Users\melek\Desktop\activation-1.1.jar;C:\Users\melek\Desktop\javaee-api-8.0.1.jar;C:\Users\melek\Desktop\javax.mail-1.6.2.jar;C:\Users\melek\Downloads\NotificationAPI.jar;C:\Users\melek\Downloads\controlsfx-8.40.11.jar;C:\Users\melek\Downloads\wetransfer_lib_2022-03-05_1328\lib\controlsfx-8.40.11.jar;C:\Users\melek\Downloads\wetransfer_lib_2022-03-05_1328\lib\mysql-connector-java-8.0.19.jar;C:\Users\melek\Downloads\wetransfer_lib_2022-03-05_1328\lib\zxing-2.1.jar;C:\Users\melek\Documents\NetBeansProjects\projet_melek_boussif\build\classes
Launcher Type: SUN_STANDARD

Environment Variables:
PATH=C:\ProgramData\Oracle\Java\javapath;C:\Program Files (x86)\VMware\VMware Workstation\bin\;C:\oraclexe\app\oracle\product\11.2.0\server\bin;C:\windows\system32;C:\windows;C:\windows\System32\Wbem;C:\windows\System32\WindowsPowerShell\v1.0\;C:\windows\System32\OpenSSH\;C:\Program Files (x86)\NVIDIA Corporation\PhysX\Common;C:\Program Files\NVIDIA Corporation\NVIDIA NvDLISR;C:\instant client_12;C:\oraclexe;C:\oraclexe\app\oracle\admin\XE;C:\Program Files\TortoiseGit\bin;C:\WINDOWS\system32;C:\WINDOWS;C:\WINDOWS\System32\Wbem;C:\WINDOWS\System32\WindowsPowerShell\v1.0\;C:\WINDOWS\System32\OpenSSH\;C:\composer;C:\Users\melek\AppData\Local\Microsoft\WindowsApps;C:\Users\melek\AppData\Local\Programs\Microsoft VS Code\bin;C:\wamp64\bin\php\php8.0.13;C:\Users\melek\AppData\Roaming\Composer\vendor\bin
USERNAME=melek
OS=Windows_NT
PROCESSOR_IDENTIFIER=Intel64 Family 6 Model 158 Stepping 10, GenuineIntel



---------------  S Y S T E M  ---------------

OS: Windows 10.0 , 64 bit Build 19041 (10.0.19041.1503)

CPU:total 12 (initial active 12) (6 cores per cpu, 2 threads per core) family 6 model 158 stepping 10, cmov, cx8, fxsr, mmx, sse, sse2, sse3, ssse3, sse4.1, sse4.2, popcnt, avx, avx2, aes, clmul, erms, 3dnowpref, lzcnt, ht, tsc, tscinvbit, bmi1, bmi2, adx

Memory: 4k page, physical 16613556k(5418836k free), swap 36536500k(11662896k free)

vm_info: Java HotSpot(TM) 64-Bit Server VM (25.144-b01) for windows-amd64 JRE (1.8.0_144-b01), built on Jul 21 2017 21:57:33 by "java_re" with MS VC++ 10.0 (VS2010)

time: Sun Mar 06 14:41:13 2022
elapsed time: 42 seconds (0d 0h 0m 42s)

